-------------------------------------------------------------------------------
Test set: com.runner.Sequence
-------------------------------------------------------------------------------
Tests run: 1, Failures: 1, Errors: 0, Skipped: 0, Time elapsed: 1.845 s <<< FAILURE! - in com.runner.Sequence
run  Time elapsed: 1.841 s  <<< FAILURE!
org.opentest4j.AssertionFailedError: no features or scenarios found: [classpath:com/runner]

